<?xml version="1.0" encoding="UTF-8"?>
<testng-results skipped="0" failed="0" ignored="0" total="2" passed="2">
  <reporter-output>
  </reporter-output>
  <suite name="TestSuite" duration-ms="12371" started-at="2019-01-25T12:30:37Z" finished-at="2019-01-25T12:30:49Z">
    <groups>
    </groups>
    <test name="ChromeTest" duration-ms="7085" started-at="2019-01-25T12:30:37Z" finished-at="2019-01-25T12:30:44Z">
      <class name="firefoxTest.NewTest">
        <test-method status="PASS" signature="browserSetup(java.lang.String)[pri:0, instance:firefoxTest.NewTest@1b604f19]" name="browserSetup" is-config="true" duration-ms="6183" started-at="2019-01-25T12:30:37Z" finished-at="2019-01-25T12:30:43Z">
          <params>
            <param index="0">
              <value>
                <![CDATA[Chrome]]>
              </value>
            </param>
          </params>
          <reporter-output>
          </reporter-output>
        </test-method> <!-- browserSetup -->
        <test-method status="PASS" signature="f()[pri:0, instance:firefoxTest.NewTest@1b604f19]" name="f" duration-ms="6" started-at="2019-01-25T12:30:43Z" finished-at="2019-01-25T12:30:43Z">
          <reporter-output>
          </reporter-output>
        </test-method> <!-- f -->
        <test-method status="PASS" signature="beforeMethod()[pri:0, instance:firefoxTest.NewTest@1b604f19]" name="beforeMethod" is-config="true" duration-ms="0" started-at="2019-01-25T12:30:43Z" finished-at="2019-01-25T12:30:43Z">
          <reporter-output>
          </reporter-output>
        </test-method> <!-- beforeMethod -->
        <test-method status="PASS" signature="afterMethod()[pri:0, instance:firefoxTest.NewTest@1b604f19]" name="afterMethod" is-config="true" duration-ms="1" started-at="2019-01-25T12:30:43Z" finished-at="2019-01-25T12:30:43Z">
          <reporter-output>
          </reporter-output>
        </test-method> <!-- afterMethod -->
        <test-method status="PASS" signature="afterTest()[pri:0, instance:firefoxTest.NewTest@1b604f19]" name="afterTest" is-config="true" duration-ms="881" started-at="2019-01-25T12:30:43Z" finished-at="2019-01-25T12:30:44Z">
          <reporter-output>
          </reporter-output>
        </test-method> <!-- afterTest -->
      </class> <!-- firefoxTest.NewTest -->
    </test> <!-- ChromeTest -->
    <test name="FirefoxTest" duration-ms="12371" started-at="2019-01-25T12:30:37Z" finished-at="2019-01-25T12:30:49Z">
      <class name="firefoxTest.NewTest">
        <test-method status="PASS" signature="browserSetup(java.lang.String)[pri:0, instance:firefoxTest.NewTest@47c62251]" name="browserSetup" is-config="true" duration-ms="11019" started-at="2019-01-25T12:30:37Z" finished-at="2019-01-25T12:30:48Z">
          <params>
            <param index="0">
              <value>
                <![CDATA[Firefox]]>
              </value>
            </param>
          </params>
          <reporter-output>
          </reporter-output>
        </test-method> <!-- browserSetup -->
        <test-method status="PASS" signature="afterMethod()[pri:0, instance:firefoxTest.NewTest@47c62251]" name="afterMethod" is-config="true" duration-ms="0" started-at="2019-01-25T12:30:48Z" finished-at="2019-01-25T12:30:48Z">
          <reporter-output>
          </reporter-output>
        </test-method> <!-- afterMethod -->
        <test-method status="PASS" signature="f()[pri:0, instance:firefoxTest.NewTest@47c62251]" name="f" duration-ms="0" started-at="2019-01-25T12:30:48Z" finished-at="2019-01-25T12:30:48Z">
          <reporter-output>
          </reporter-output>
        </test-method> <!-- f -->
        <test-method status="PASS" signature="afterTest()[pri:0, instance:firefoxTest.NewTest@47c62251]" name="afterTest" is-config="true" duration-ms="1350" started-at="2019-01-25T12:30:48Z" finished-at="2019-01-25T12:30:49Z">
          <reporter-output>
          </reporter-output>
        </test-method> <!-- afterTest -->
        <test-method status="PASS" signature="beforeMethod()[pri:0, instance:firefoxTest.NewTest@47c62251]" name="beforeMethod" is-config="true" duration-ms="0" started-at="2019-01-25T12:30:48Z" finished-at="2019-01-25T12:30:48Z">
          <reporter-output>
          </reporter-output>
        </test-method> <!-- beforeMethod -->
      </class> <!-- firefoxTest.NewTest -->
    </test> <!-- FirefoxTest -->
  </suite> <!-- TestSuite -->
</testng-results>
