<?xml version="1.0" encoding="UTF-8"?>
<testng-results skipped="0" failed="0" ignored="0" total="1" passed="1">
  <reporter-output>
  </reporter-output>
  <suite name="Default suite" duration-ms="85604" started-at="2018-05-15T03:30:22Z" finished-at="2018-05-15T03:31:48Z">
    <groups>
    </groups>
    <test name="Default test" duration-ms="85604" started-at="2018-05-15T03:30:22Z" finished-at="2018-05-15T03:31:48Z">
      <class name="com.testng.test.NewTest">
        <test-method status="PASS" signature="beforeTest()[pri:0, instance:com.testng.test.NewTest@4b9e13df]" name="beforeTest" is-config="true" duration-ms="16" started-at="2018-05-15T03:30:22Z" finished-at="2018-05-15T03:30:22Z">
          <reporter-output>
          </reporter-output>
        </test-method> <!-- beforeTest -->
        <test-method status="PASS" signature="beforeMethod()[pri:0, instance:com.testng.test.NewTest@4b9e13df]" name="beforeMethod" is-config="true" duration-ms="0" started-at="2018-05-15T03:30:22Z" finished-at="2018-05-15T03:30:22Z">
          <reporter-output>
          </reporter-output>
        </test-method> <!-- beforeMethod -->
        <test-method status="PASS" signature="f()[pri:0, instance:com.testng.test.NewTest@4b9e13df]" name="f" duration-ms="85535" started-at="2018-05-15T03:30:22Z" finished-at="2018-05-15T03:31:48Z">
          <reporter-output>
          </reporter-output>
        </test-method> <!-- f -->
        <test-method status="PASS" signature="afterMethod()[pri:0, instance:com.testng.test.NewTest@4b9e13df]" name="afterMethod" is-config="true" duration-ms="0" started-at="2018-05-15T03:31:48Z" finished-at="2018-05-15T03:31:48Z">
          <reporter-output>
          </reporter-output>
        </test-method> <!-- afterMethod -->
        <test-method status="PASS" signature="afterTest()[pri:0, instance:com.testng.test.NewTest@4b9e13df]" name="afterTest" is-config="true" duration-ms="1" started-at="2018-05-15T03:31:48Z" finished-at="2018-05-15T03:31:48Z">
          <reporter-output>
          </reporter-output>
        </test-method> <!-- afterTest -->
      </class> <!-- com.testng.test.NewTest -->
    </test> <!-- Default test -->
  </suite> <!-- Default suite -->
</testng-results>
